
> docs@0.1.0 build /home/spaul/dev/saga-soa/apps/docs
> next build

   ▲ Next.js 15.3.0

   Creating an optimized production build ...
 ✓ Compiled successfully in 3.0s
   Linting and checking validity of types ...
   Collecting page data ...
   Generating static pages (0/5) ...
   Generating static pages (1/5) 
   Generating static pages (2/5) 
   Generating static pages (3/5) 
 ✓ Generating static pages (5/5)
   Finalizing page optimization ...
   Collecting build traces ...

Route (app)                                 Size  First Load JS
┌ ○ /                                    5.91 kB         107 kB
└ ○ /_not-found                            973 B         102 kB
+ First Load JS shared by all             101 kB
  ├ chunks/272-c054cd24de54c68f.js       46.1 kB
  ├ chunks/7037dcde-ea6305981a40954b.js  53.2 kB
  └ other shared chunks (total)          1.84 kB


○  (Static)  prerendered as static content

